[31mCMake Error at /opt/ros/jazzy/share/rosidl_adapter/cmake/rosidl_adapt_interfaces.cmake:57 (message):
  execute_process(/home/damian/miniconda3/bin/python3 -m rosidl_adapter
  --package-name bumperbot_msgs --arguments-file
  /home/damian/Documents/bumperbot_ws/build/bumperbot_msgs/rosidl_adapter__arguments__bumperbot_msgs.json
  --output-dir
  /home/damian/Documents/bumperbot_ws/build/bumperbot_msgs/rosidl_adapter/bumperbot_msgs
  --output-file
  /home/damian/Documents/bumperbot_ws/build/bumperbot_msgs/rosidl_adapter/bumperbot_msgs.idls)
  returned error code 1:

  AttributeError processing template 'srv.idl.em'

  Traceback (most recent call last):

    File "/opt/ros/jazzy/lib/python3.12/site-packages/rosidl_adapter/resource/__init__.py", line 51, in evaluate_template
      em.BUFFERED_OPT: True,
      ^^^^^^^^^^^^^^^

  AttributeError: module 'em' has no attribute 'BUFFERED_OPT'



  During handling of the above exception, another exception occurred:



  Traceback (most recent call last):

    File "<frozen runpy>", line 198, in _run_module_as_main
    File "<frozen runpy>", line 88, in _run_code
    File "/opt/ros/jazzy/lib/python3.12/site-packages/rosidl_adapter/__main__.py", line 19, in <module>
      sys.exit(main())
               ^^^^^^
    File "/opt/ros/jazzy/lib/python3.12/site-packages/rosidl_adapter/main.py", line 53, in main
      abs_idl_file = convert_to_idl(
                     ^^^^^^^^^^^^^^^
    File "/opt/ros/jazzy/lib/python3.12/site-packages/rosidl_adapter/__init__.py", line 24, in convert_to_idl
      return convert_srv_to_idl(
             ^^^^^^^^^^^^^^^^^^^
    File "/opt/ros/jazzy/lib/python3.12/site-packages/rosidl_adapter/srv/__init__.py", line 39, in convert_srv_to_idl
      expand_template('srv.idl.em', data, output_file, encoding='iso-8859-1')
    File "/opt/ros/jazzy/lib/python3.12/site-packages/rosidl_adapter/resource/__init__.py", line 23, in expand_template
      content = evaluate_template(template_name, data)
                ^^^^^^^^^^^^^^^^^^^^^^^^^^^^^^^^^^^^^^
    File "/opt/ros/jazzy/lib/python3.12/site-packages/rosidl_adapter/resource/__init__.py", line 69, in evaluate_template
      _interpreter.shutdown()
      ^^^^^^^^^^^^^^^^^^^^^

  AttributeError: 'NoneType' object has no attribute 'shutdown'

Call Stack (most recent call first):
  /opt/ros/jazzy/share/rosidl_cmake/cmake/rosidl_generate_interfaces.cmake:132 (rosidl_adapt_interfaces)
  CMakeLists.txt:12 (rosidl_generate_interfaces)

[0m
