[0.017s] Invoking command in '/home/damian/Documents/bumperbot_ws/build/bumperbot_msgs': CMAKE_PREFIX_PATH=${CMAKE_PREFIX_PATH}:/opt/ros/jazzy CONDA_PROMPT_MODIFIER=(base) /usr/bin/cmake /home/damian/Documents/bumperbot_ws/src/bumperbot_msgs -DCMAKE_INSTALL_PREFIX=/home/damian/Documents/bumperbot_ws/install/bumperbot_msgs
[0.060s] -- The C compiler identification is GNU 13.2.0
[0.103s] -- The CXX compiler identification is GNU 13.2.0
[0.116s] -- Detecting C compiler ABI info
[0.185s] -- Detecting C compiler ABI info - done
[0.192s] -- Check for working C compiler: /usr/bin/cc - skipped
[0.192s] -- Detecting C compile features
[0.192s] -- Detecting C compile features - done
[0.199s] -- Detecting CXX compiler ABI info
[0.279s] -- Detecting CXX compiler ABI info - done
[0.285s] -- Check for working CXX compiler: /usr/bin/c++ - skipped
[0.286s] -- Detecting CXX compile features
[0.286s] -- Detecting CXX compile features - done
[0.289s] -- Found ament_cmake: 2.5.2 (/opt/ros/jazzy/share/ament_cmake/cmake)
[0.369s] -- Found Python3: /home/damian/miniconda3/bin/python3 (found version "3.12.7") found components: Interpreter 
[0.462s] -- Found geometry_msgs: 5.3.5 (/opt/ros/jazzy/share/geometry_msgs/cmake)
[0.506s] -- Found rosidl_generator_c: 4.6.4 (/opt/ros/jazzy/share/rosidl_generator_c/cmake)
[0.519s] -- Found rosidl_generator_cpp: 4.6.4 (/opt/ros/jazzy/share/rosidl_generator_cpp/cmake)
[0.535s] -- Using all available rosidl_typesupport_c: rosidl_typesupport_fastrtps_c;rosidl_typesupport_introspection_c
[0.551s] -- Using all available rosidl_typesupport_cpp: rosidl_typesupport_fastrtps_cpp;rosidl_typesupport_introspection_cpp
[0.591s] -- Found rosidl_default_generators: 1.6.0 (/opt/ros/jazzy/share/rosidl_default_generators/cmake)
[0.606s] -- Found rosidl_adapter: 4.6.4 (/opt/ros/jazzy/share/rosidl_adapter/cmake)
[0.717s] [31mCMake Error at /opt/ros/jazzy/share/rosidl_adapter/cmake/rosidl_adapt_interfaces.cmake:57 (message):
[0.717s]   execute_process(/home/damian/miniconda3/bin/python3 -m rosidl_adapter
[0.717s]   --package-name bumperbot_msgs --arguments-file
[0.718s]   /home/damian/Documents/bumperbot_ws/build/bumperbot_msgs/rosidl_adapter__arguments__bumperbot_msgs.json
[0.718s]   --output-dir
[0.718s]   /home/damian/Documents/bumperbot_ws/build/bumperbot_msgs/rosidl_adapter/bumperbot_msgs
[0.718s]   --output-file
[0.718s]   /home/damian/Documents/bumperbot_ws/build/bumperbot_msgs/rosidl_adapter/bumperbot_msgs.idls)
[0.718s]   returned error code 1:
[0.718s] 
[0.718s]   AttributeError processing template 'srv.idl.em'
[0.718s] 
[0.718s]   Traceback (most recent call last):
[0.718s] 
[0.718s]     File "/opt/ros/jazzy/lib/python3.12/site-packages/rosidl_adapter/resource/__init__.py", line 51, in evaluate_template
[0.718s]       em.BUFFERED_OPT: True,
[0.719s]       ^^^^^^^^^^^^^^^
[0.719s] 
[0.719s]   AttributeError: module 'em' has no attribute 'BUFFERED_OPT'
[0.719s] 
[0.719s] 
[0.719s] 
[0.719s]   During handling of the above exception, another exception occurred:
[0.719s] 
[0.719s] 
[0.719s] 
[0.719s]   Traceback (most recent call last):
[0.719s] 
[0.719s]     File "<frozen runpy>", line 198, in _run_module_as_main
[0.719s]     File "<frozen runpy>", line 88, in _run_code
[0.719s]     File "/opt/ros/jazzy/lib/python3.12/site-packages/rosidl_adapter/__main__.py", line 19, in <module>
[0.719s]       sys.exit(main())
[0.720s]                ^^^^^^
[0.720s]     File "/opt/ros/jazzy/lib/python3.12/site-packages/rosidl_adapter/main.py", line 53, in main
[0.720s]       abs_idl_file = convert_to_idl(
[0.720s]                      ^^^^^^^^^^^^^^^
[0.720s]     File "/opt/ros/jazzy/lib/python3.12/site-packages/rosidl_adapter/__init__.py", line 24, in convert_to_idl
[0.720s]       return convert_srv_to_idl(
[0.720s]              ^^^^^^^^^^^^^^^^^^^
[0.720s]     File "/opt/ros/jazzy/lib/python3.12/site-packages/rosidl_adapter/srv/__init__.py", line 39, in convert_srv_to_idl
[0.720s]       expand_template('srv.idl.em', data, output_file, encoding='iso-8859-1')
[0.720s]     File "/opt/ros/jazzy/lib/python3.12/site-packages/rosidl_adapter/resource/__init__.py", line 23, in expand_template
[0.720s]       content = evaluate_template(template_name, data)
[0.720s]                 ^^^^^^^^^^^^^^^^^^^^^^^^^^^^^^^^^^^^^^
[0.720s]     File "/opt/ros/jazzy/lib/python3.12/site-packages/rosidl_adapter/resource/__init__.py", line 69, in evaluate_template
[0.720s]       _interpreter.shutdown()
[0.720s]       ^^^^^^^^^^^^^^^^^^^^^
[0.721s] 
[0.721s]   AttributeError: 'NoneType' object has no attribute 'shutdown'
[0.721s] 
[0.721s] Call Stack (most recent call first):
[0.721s]   /opt/ros/jazzy/share/rosidl_cmake/cmake/rosidl_generate_interfaces.cmake:132 (rosidl_adapt_interfaces)
[0.721s]   CMakeLists.txt:12 (rosidl_generate_interfaces)
[0.721s] 
[0.721s] [0m
[0.721s] -- Configuring incomplete, errors occurred!
[0.727s] Invoked command in '/home/damian/Documents/bumperbot_ws/build/bumperbot_msgs' returned '1': CMAKE_PREFIX_PATH=${CMAKE_PREFIX_PATH}:/opt/ros/jazzy CONDA_PROMPT_MODIFIER=(base) /usr/bin/cmake /home/damian/Documents/bumperbot_ws/src/bumperbot_msgs -DCMAKE_INSTALL_PREFIX=/home/damian/Documents/bumperbot_ws/install/bumperbot_msgs
