[0.012s] Invoking command in '/home/damian/Documents/bumperbot_ws/build/bumperbot_localization': CONDA_PROMPT_MODIFIER=(base) /usr/bin/cmake --build /home/damian/Documents/bumperbot_ws/build/bumperbot_localization -- -j24 -l24
[0.028s] -- Found ament_cmake: 2.5.2 (/opt/ros/jazzy/share/ament_cmake/cmake)
[0.126s] Traceback (most recent call last):
[0.126s]   File "/opt/ros/jazzy/share/ament_cmake_core/cmake/package_templates/templates_2_cmake.py", line 21, in <module>
[0.126s]     from ament_package.templates import get_environment_hook_template_path
[0.126s] ModuleNotFoundError: No module named 'ament_package'
[0.128s] [31mCMake Error at /opt/ros/jazzy/share/ament_cmake_core/cmake/ament_cmake_package_templates-extras.cmake:41 (message):
[0.128s]   execute_process(/home/damian/miniconda3/bin/python3
[0.128s]   /opt/ros/jazzy/share/ament_cmake_core/cmake/package_templates/templates_2_cmake.py
[0.128s]   /home/damian/Documents/bumperbot_ws/build/bumperbot_localization/ament_cmake_package_templates/templates.cmake)
[0.128s]   returned error code 1
[0.128s] Call Stack (most recent call first):
[0.128s]   /opt/ros/jazzy/share/ament_cmake_core/cmake/ament_cmake_coreConfig.cmake:41 (include)
[0.128s]   /opt/ros/jazzy/share/ament_cmake/cmake/ament_cmake_export_dependencies-extras.cmake:15 (find_package)
[0.128s]   /opt/ros/jazzy/share/ament_cmake/cmake/ament_cmakeConfig.cmake:41 (include)
[0.128s]   CMakeLists.txt:9 (find_package)
[0.128s] 
[0.129s] [0m
[0.129s] -- Configuring incomplete, errors occurred!
[0.130s] gmake: *** [Makefile:336: cmake_check_build_system] Error 1
[0.132s] Invoked command in '/home/damian/Documents/bumperbot_ws/build/bumperbot_localization' returned '2': CONDA_PROMPT_MODIFIER=(base) /usr/bin/cmake --build /home/damian/Documents/bumperbot_ws/build/bumperbot_localization -- -j24 -l24
